
> @caravan/multisig@0.0.0 build
> tsup src/index.ts --format cjs,esm --dts

▲ [WARNING] The condition "types" here will never be used as it comes after both "import" and "require" [package.json]

    package.json:22:6:
      22 │       "types": "./dist/index.d.ts"
         ╵       ~~~~~~~

  The "import" condition comes earlier and will be used for all "import" statements:

    package.json:20:6:
      20 │       "import": "./dist/index.mjs",
         ╵       ~~~~~~~~

  The "require" condition comes earlier and will be used for all "require" calls:

    package.json:21:6:
      21 │       "require": "./dist/index.js",
         ╵       ~~~~~~~~~

CLI Building entry: src/index.ts
CLI Using tsconfig: tsconfig.json
CLI tsup v8.4.0
CLI Using tsup config: /home/runner/work/caravan/caravan/packages/multisig/tsup.config.js
CLI Target: esnext
CJS Build start
ESM Build start

 WARN  [33m▲ [43;33m[[43;30mWARNING[43;33m][0m [1mThe condition "types" here will never be used as it comes after both "import" and "require"[0m [package.json]

    package.json:22:6:
[37m      22 │       [32m"types"[37m: "./dist/index.d.ts"
         ╵       [32m~~~~~~~[0m

  The "import" condition comes earlier and will be used for all "import" statements:

    package.json:20:6:
[37m      20 │       [32m"import"[37m: "./dist/index.mjs",
         ╵       [32m~~~~~~~~[0m

  The "require" condition comes earlier and will be used for all "require" calls:

    package.json:21:6:
[37m      21 │       [32m"require"[37m: "./dist/index.js",
         ╵       [32m~~~~~~~~~[0m




 WARN  [33m▲ [43;33m[[43;30mWARNING[43;33m][0m [1mThe condition "types" here will never be used as it comes after both "import" and "require"[0m [package.json]

    package.json:22:6:
[37m      22 │       [32m"types"[37m: "./dist/index.d.ts"
         ╵       [32m~~~~~~~[0m

  The "import" condition comes earlier and will be used for all "import" statements:

    package.json:20:6:
[37m      20 │       [32m"import"[37m: "./dist/index.mjs",
         ╵       [32m~~~~~~~~[0m

  The "require" condition comes earlier and will be used for all "require" calls:

    package.json:21:6:
[37m      21 │       [32m"require"[37m: "./dist/index.js",
         ╵       [32m~~~~~~~~~[0m



ESM dist/index.mjs 657.00 B
ESM ⚡️ Build success in 102ms
CJS dist/index.js 1.68 KB
CJS ⚡️ Build success in 102ms
DTS Build start
DTS ⚡️ Build success in 2936ms
DTS dist/index.d.ts  3.05 KB
DTS dist/index.d.mts 3.05 KB
